<?xml version="1.0" encoding="UTF-8"?>
<testng-results ignored="0" total="1" passed="1" failed="0" skipped="0">
  <reporter-output>
    <line>
      <![CDATA[Reading url from properties file]]>
    </line>
    <line>
      <![CDATA[Launching browser]]>
    </line>
    <line>
      <![CDATA[Clicking on gender]]>
    </line>
    <line>
      <![CDATA[Clicking on next button of health plan page]]>
    </line>
    <line>
      <![CDATA[Reading data from excel: 25 years]]>
    </line>
    <line>
      <![CDATA[Handeling age drop down]]>
    </line>
    <line>
      <![CDATA[Clicking On NextButton Of MemberDetails Page]]>
    </line>
    <line>
      <![CDATA[Reading data from excel: 700117]]>
    </line>
    <line>
      <![CDATA[Entering PinCode]]>
    </line>
    <line>
      <![CDATA[Reading data from excel: 8888888888]]>
    </line>
    <line>
      <![CDATA[Entering mobileNumber]]>
    </line>
    <line>
      <![CDATA[Clicking On Continue Button]]>
    </line>
    <line>
      <![CDATA[Getting plan number from text]]>
    </line>
    <line>
      <![CDATA[Getting plan number from plan cards]]>
    </line>
    <line>
      <![CDATA[Plan number are matching TC is passed]]>
    </line>
    <line>
      <![CDATA[Taking screenshot, saved atC:\Users\DELL\eclipse-workspace\Maven_Project\screenshot\validateCoverFoxPlans.png]]>
    </line>
    <line>
      <![CDATA[Closing browser]]>
    </line>
  </reporter-output>
  <suite started-at="2025-04-24T12:55:47 IST" name="Default suite" finished-at="2025-04-24T12:56:06 IST" duration-ms="18565">
    <groups>
    </groups>
    <test started-at="2025-04-24T12:55:47 IST" name="Default test" finished-at="2025-04-24T12:56:06 IST" duration-ms="18565">
      <class name="com.CoverFox_test.CoverFoxTestUsingTestNG">
        <test-method is-config="true" signature="launchBrowser()[pri:0, instance:com.CoverFox_test.CoverFoxTestUsingTestNG@23e84203]" started-at="2025-04-24T12:55:47 IST" name="launchBrowser" finished-at="2025-04-24T12:55:53 IST" duration-ms="5901" status="PASS">
          <reporter-output>
            <line>
              <![CDATA[Reading url from properties file]]>
            </line>
            <line>
              <![CDATA[Launching browser]]>
            </line>
          </reporter-output>
        </test-method> <!-- launchBrowser -->
        <test-method is-config="true" signature="coverFoxPreconditions()[pri:0, instance:com.CoverFox_test.CoverFoxTestUsingTestNG@23e84203]" started-at="2025-04-24T12:55:53 IST" name="coverFoxPreconditions" finished-at="2025-04-24T12:56:03 IST" duration-ms="9494" status="PASS">
          <reporter-output>
            <line>
              <![CDATA[Clicking on gender]]>
            </line>
            <line>
              <![CDATA[Clicking on next button of health plan page]]>
            </line>
            <line>
              <![CDATA[Reading data from excel: 25 years]]>
            </line>
            <line>
              <![CDATA[Handeling age drop down]]>
            </line>
            <line>
              <![CDATA[Clicking On NextButton Of MemberDetails Page]]>
            </line>
            <line>
              <![CDATA[Reading data from excel: 700117]]>
            </line>
            <line>
              <![CDATA[Entering PinCode]]>
            </line>
            <line>
              <![CDATA[Reading data from excel: 8888888888]]>
            </line>
            <line>
              <![CDATA[Entering mobileNumber]]>
            </line>
            <line>
              <![CDATA[Clicking On Continue Button]]>
            </line>
          </reporter-output>
        </test-method> <!-- coverFoxPreconditions -->
        <test-method signature="validateCoverFoxPlans()[pri:0, instance:com.CoverFox_test.CoverFoxTestUsingTestNG@23e84203]" started-at="2025-04-24T12:56:03 IST" name="validateCoverFoxPlans" finished-at="2025-04-24T12:56:03 IST" duration-ms="364" status="PASS">
          <reporter-output>
            <line>
              <![CDATA[Getting plan number from text]]>
            </line>
            <line>
              <![CDATA[Getting plan number from plan cards]]>
            </line>
            <line>
              <![CDATA[Plan number are matching TC is passed]]>
            </line>
            <line>
              <![CDATA[Taking screenshot, saved atC:\Users\DELL\eclipse-workspace\Maven_Project\screenshot\validateCoverFoxPlans.png]]>
            </line>
          </reporter-output>
        </test-method> <!-- validateCoverFoxPlans -->
        <test-method is-config="true" signature="closeBrowser()[pri:0, instance:com.CoverFox_test.CoverFoxTestUsingTestNG@23e84203]" started-at="2025-04-24T12:56:03 IST" name="closeBrowser" finished-at="2025-04-24T12:56:06 IST" duration-ms="2718" status="PASS">
          <reporter-output>
            <line>
              <![CDATA[Closing browser]]>
            </line>
          </reporter-output>
        </test-method> <!-- closeBrowser -->
      </class> <!-- com.CoverFox_test.CoverFoxTestUsingTestNG -->
    </test> <!-- Default test -->
  </suite> <!-- Default suite -->
</testng-results>
